INFO - 2023-09-15 06:34:25 --> Session: Class initialized using 'CodeIgniter\Session\Handlers\FileHandler' driver.
INFO - 2023-09-15 06:34:29 --> Session: Class initialized using 'CodeIgniter\Session\Handlers\FileHandler' driver.
INFO - 2023-09-15 06:34:32 --> Session: Class initialized using 'CodeIgniter\Session\Handlers\FileHandler' driver.
INFO - 2023-09-15 06:34:32 --> Session: Class initialized using 'CodeIgniter\Session\Handlers\FileHandler' driver.
INFO - 2023-09-15 06:34:42 --> Session: Class initialized using 'CodeIgniter\Session\Handlers\FileHandler' driver.
INFO - 2023-09-15 06:34:51 --> Session: Class initialized using 'CodeIgniter\Session\Handlers\FileHandler' driver.
INFO - 2023-09-15 06:34:51 --> Session: Class initialized using 'CodeIgniter\Session\Handlers\FileHandler' driver.
INFO - 2023-09-15 06:34:52 --> Session: Class initialized using 'CodeIgniter\Session\Handlers\FileHandler' driver.
INFO - 2023-09-15 06:35:10 --> Session: Class initialized using 'CodeIgniter\Session\Handlers\FileHandler' driver.
INFO - 2023-09-15 06:35:14 --> Session: Class initialized using 'CodeIgniter\Session\Handlers\FileHandler' driver.
INFO - 2023-09-15 06:35:16 --> Session: Class initialized using 'CodeIgniter\Session\Handlers\FileHandler' driver.
INFO - 2023-09-15 06:35:16 --> Session: Class initialized using 'CodeIgniter\Session\Handlers\FileHandler' driver.
INFO - 2023-09-15 06:37:49 --> Session: Class initialized using 'CodeIgniter\Session\Handlers\FileHandler' driver.
INFO - 2023-09-15 06:38:57 --> Session: Class initialized using 'CodeIgniter\Session\Handlers\FileHandler' driver.
INFO - 2023-09-15 07:05:34 --> Session: Class initialized using 'CodeIgniter\Session\Handlers\FileHandler' driver.
INFO - 2023-09-15 07:06:17 --> Session: Class initialized using 'CodeIgniter\Session\Handlers\FileHandler' driver.
INFO - 2023-09-15 07:06:23 --> Session: Class initialized using 'CodeIgniter\Session\Handlers\FileHandler' driver.
INFO - 2023-09-15 07:06:26 --> Session: Class initialized using 'CodeIgniter\Session\Handlers\FileHandler' driver.
INFO - 2023-09-15 07:07:32 --> Session: Class initialized using 'CodeIgniter\Session\Handlers\FileHandler' driver.
INFO - 2023-09-15 07:07:36 --> Session: Class initialized using 'CodeIgniter\Session\Handlers\FileHandler' driver.
INFO - 2023-09-15 07:07:38 --> Session: Class initialized using 'CodeIgniter\Session\Handlers\FileHandler' driver.
INFO - 2023-09-15 07:07:39 --> Session: Class initialized using 'CodeIgniter\Session\Handlers\FileHandler' driver.
INFO - 2023-09-15 07:18:17 --> Session: Class initialized using 'CodeIgniter\Session\Handlers\FileHandler' driver.
INFO - 2023-09-15 07:18:27 --> Session: Class initialized using 'CodeIgniter\Session\Handlers\FileHandler' driver.
INFO - 2023-09-15 07:18:27 --> Session: Class initialized using 'CodeIgniter\Session\Handlers\FileHandler' driver.
INFO - 2023-09-15 07:18:27 --> Session: Class initialized using 'CodeIgniter\Session\Handlers\FileHandler' driver.
INFO - 2023-09-15 07:20:09 --> Session: Class initialized using 'CodeIgniter\Session\Handlers\FileHandler' driver.
INFO - 2023-09-15 07:20:09 --> Session: Class initialized using 'CodeIgniter\Session\Handlers\FileHandler' driver.
INFO - 2023-09-15 07:20:11 --> Session: Class initialized using 'CodeIgniter\Session\Handlers\FileHandler' driver.
INFO - 2023-09-15 07:20:11 --> Session: Class initialized using 'CodeIgniter\Session\Handlers\FileHandler' driver.
INFO - 2023-09-15 07:20:19 --> Session: Class initialized using 'CodeIgniter\Session\Handlers\FileHandler' driver.
INFO - 2023-09-15 07:20:30 --> Session: Class initialized using 'CodeIgniter\Session\Handlers\FileHandler' driver.
INFO - 2023-09-15 07:20:35 --> Session: Class initialized using 'CodeIgniter\Session\Handlers\FileHandler' driver.
INFO - 2023-09-15 07:20:36 --> Session: Class initialized using 'CodeIgniter\Session\Handlers\FileHandler' driver.
INFO - 2023-09-15 07:20:36 --> Session: Class initialized using 'CodeIgniter\Session\Handlers\FileHandler' driver.
INFO - 2023-09-15 07:21:50 --> Session: Class initialized using 'CodeIgniter\Session\Handlers\FileHandler' driver.
INFO - 2023-09-15 07:27:50 --> Session: Class initialized using 'CodeIgniter\Session\Handlers\FileHandler' driver.
INFO - 2023-09-15 07:28:50 --> Session: Class initialized using 'CodeIgniter\Session\Handlers\FileHandler' driver.
INFO - 2023-09-15 07:32:22 --> Session: Class initialized using 'CodeIgniter\Session\Handlers\FileHandler' driver.
INFO - 2023-09-15 07:32:46 --> Session: Class initialized using 'CodeIgniter\Session\Handlers\FileHandler' driver.
INFO - 2023-09-15 07:33:27 --> Session: Class initialized using 'CodeIgniter\Session\Handlers\FileHandler' driver.
INFO - 2023-09-15 08:31:46 --> Session: Class initialized using 'CodeIgniter\Session\Handlers\FileHandler' driver.
INFO - 2023-09-15 08:31:51 --> Session: Class initialized using 'CodeIgniter\Session\Handlers\FileHandler' driver.
INFO - 2023-09-15 08:31:53 --> Session: Class initialized using 'CodeIgniter\Session\Handlers\FileHandler' driver.
INFO - 2023-09-15 08:31:53 --> Session: Class initialized using 'CodeIgniter\Session\Handlers\FileHandler' driver.
INFO - 2023-09-15 08:32:02 --> Session: Class initialized using 'CodeIgniter\Session\Handlers\FileHandler' driver.
INFO - 2023-09-15 08:33:15 --> Session: Class initialized using 'CodeIgniter\Session\Handlers\FileHandler' driver.
INFO - 2023-09-15 08:33:19 --> Session: Class initialized using 'CodeIgniter\Session\Handlers\FileHandler' driver.
INFO - 2023-09-15 08:33:34 --> Session: Class initialized using 'CodeIgniter\Session\Handlers\FileHandler' driver.
INFO - 2023-09-15 08:33:34 --> Session: Class initialized using 'CodeIgniter\Session\Handlers\FileHandler' driver.
INFO - 2023-09-15 08:33:34 --> Session: Class initialized using 'CodeIgniter\Session\Handlers\FileHandler' driver.
INFO - 2023-09-15 08:36:07 --> Session: Class initialized using 'CodeIgniter\Session\Handlers\FileHandler' driver.
INFO - 2023-09-15 08:36:16 --> Session: Class initialized using 'CodeIgniter\Session\Handlers\FileHandler' driver.
INFO - 2023-09-15 08:36:31 --> Session: Class initialized using 'CodeIgniter\Session\Handlers\FileHandler' driver.
INFO - 2023-09-15 08:36:39 --> Session: Class initialized using 'CodeIgniter\Session\Handlers\FileHandler' driver.
INFO - 2023-09-15 08:36:39 --> Session: Class initialized using 'CodeIgniter\Session\Handlers\FileHandler' driver.
INFO - 2023-09-15 08:36:39 --> Session: Class initialized using 'CodeIgniter\Session\Handlers\FileHandler' driver.
INFO - 2023-09-15 08:37:08 --> Session: Class initialized using 'CodeIgniter\Session\Handlers\FileHandler' driver.
INFO - 2023-09-15 08:37:10 --> Session: Class initialized using 'CodeIgniter\Session\Handlers\FileHandler' driver.
INFO - 2023-09-15 08:37:12 --> Session: Class initialized using 'CodeIgniter\Session\Handlers\FileHandler' driver.
INFO - 2023-09-15 08:37:12 --> Session: Class initialized using 'CodeIgniter\Session\Handlers\FileHandler' driver.
INFO - 2023-09-15 08:50:44 --> Session: Class initialized using 'CodeIgniter\Session\Handlers\FileHandler' driver.
INFO - 2023-09-15 08:50:50 --> Session: Class initialized using 'CodeIgniter\Session\Handlers\FileHandler' driver.
INFO - 2023-09-15 08:50:51 --> Session: Class initialized using 'CodeIgniter\Session\Handlers\FileHandler' driver.
INFO - 2023-09-15 08:50:51 --> Session: Class initialized using 'CodeIgniter\Session\Handlers\FileHandler' driver.
INFO - 2023-09-15 08:52:38 --> Session: Class initialized using 'CodeIgniter\Session\Handlers\FileHandler' driver.
INFO - 2023-09-15 08:52:41 --> Session: Class initialized using 'CodeIgniter\Session\Handlers\FileHandler' driver.
INFO - 2023-09-15 08:52:43 --> Session: Class initialized using 'CodeIgniter\Session\Handlers\FileHandler' driver.
INFO - 2023-09-15 08:52:43 --> Session: Class initialized using 'CodeIgniter\Session\Handlers\FileHandler' driver.
INFO - 2023-09-15 08:53:16 --> Session: Class initialized using 'CodeIgniter\Session\Handlers\FileHandler' driver.
INFO - 2023-09-15 08:53:18 --> Session: Class initialized using 'CodeIgniter\Session\Handlers\FileHandler' driver.
INFO - 2023-09-15 08:53:20 --> Session: Class initialized using 'CodeIgniter\Session\Handlers\FileHandler' driver.
INFO - 2023-09-15 08:53:20 --> Session: Class initialized using 'CodeIgniter\Session\Handlers\FileHandler' driver.
INFO - 2023-09-15 08:57:13 --> Session: Class initialized using 'CodeIgniter\Session\Handlers\FileHandler' driver.
INFO - 2023-09-15 08:57:16 --> Session: Class initialized using 'CodeIgniter\Session\Handlers\FileHandler' driver.
INFO - 2023-09-15 08:57:18 --> Session: Class initialized using 'CodeIgniter\Session\Handlers\FileHandler' driver.
INFO - 2023-09-15 08:57:18 --> Session: Class initialized using 'CodeIgniter\Session\Handlers\FileHandler' driver.
INFO - 2023-09-15 08:59:36 --> Session: Class initialized using 'CodeIgniter\Session\Handlers\FileHandler' driver.
INFO - 2023-09-15 08:59:38 --> Session: Class initialized using 'CodeIgniter\Session\Handlers\FileHandler' driver.
INFO - 2023-09-15 08:59:39 --> Session: Class initialized using 'CodeIgniter\Session\Handlers\FileHandler' driver.
INFO - 2023-09-15 08:59:40 --> Session: Class initialized using 'CodeIgniter\Session\Handlers\FileHandler' driver.
INFO - 2023-09-15 09:01:26 --> Session: Class initialized using 'CodeIgniter\Session\Handlers\FileHandler' driver.
INFO - 2023-09-15 09:01:28 --> Session: Class initialized using 'CodeIgniter\Session\Handlers\FileHandler' driver.
CRITICAL - 2023-09-15 09:01:28 --> Undefined array key "startcolumn"
in VENDORPATH\tecnickcom\tcpdf\tcpdf.php on line 19676.
 1 VENDORPATH\tecnickcom\tcpdf\tcpdf.php(19676): CodeIgniter\Debug\Exceptions->errorHandler(2, 'Undefined array key "startcolumn"', 'C:\\xampp\\htdocs\\ci4_admin\\vendor\\tecnickcom\\tcpdf\\tcpdf.php', 19676)
 2 VENDORPATH\tecnickcom\tcpdf\tcpdf.php(18451): TCPDF->closeHTMLTagHandler([...], 13, false, 52.33458466666667)
 3 APPPATH\Controllers\Admin.php(291): TCPDF->writeHTML('<!-- DEBUG-VIEW START 1 APPPATH\\Views\\pages\\admin\\cetak_surat.php -->
<!DOCTYPE html>
<html lang="en">

<head>
    <meta charset="UTF-8">
    <meta name="viewport" content="width=device-width, initial-scale=1.0">
    <title>Surat Pengantar Catatan Kepolisian</title>
    <style>
        body {
            font-family: Arial, sans-serif;
        }

        .container {
            max-width: 600px;
            margin: auto;
            padding: 20px;
            border: 1px solid #ccc;
            background-color: #f9f9f9;
        }

        .header {
            text-align: center;
        }



        .tanda-tangan {
            margin-top: 30px;
            display: flex;
            justify-content: space-between;
            align-items: center;
        }
    </style>
</head>

<body>
            <tr>
            <p style="text-align: center;">PEMERINTAHAN KABUPATEN BREBES <br>KECAMATAN BANJARHARJO <br>DESA BANDUNGSARI <br>Alamat : Jl. Raya Desa Bandungsari Kecamatan Banjarharjo Kabupaten Brebes 52265</p>
            <!-- <p style="text-align: center;">Alamat : Jl. Raya Desa Bandungsari Kecamatan Banjarharjo Kabupaten Brebes  52265</p> -->
        </tr>
        <hr>
        <div class="header">
            <h2>SURAT PENGANTAR CATATAN KEPOLISIAN</h2>
        </div>


        <p>Kode Desa : 29172001</p>

        <p>NOMOR : 331/514/2001/VIII/2023</p>

        <p>Yang bertanda tangan dibawah ini kami Kepala Desa Bandungsari Kecamatan Banjarharjo Kabupaten Brebes Provinsi Jawa Tengah, menerangkan bahwa :</p>

        <table>
            <tr>
                <td>1. Nama Lengkap</td>
                <td>: Ahmad Zainudin</td>
                <td></td>
            </tr>
            <tr>
                <td>2. Jenis Kelamin</td>
                <td>: Laki-Laki</td>
                <td></td>
            </tr>
            <tr>
                <td>3. Tempat/Tanggal Lahir</td>
                <td>: Tasikmalaya,2023-08-01</td>
                <td></td>
            </tr>
            <tr>
                <td>4. Warga Negara</td>
                <td>: Indonesia</td>
                <td></td>
            </tr>
            <tr>
                <td>5. Agama</td>
                <td>: Islam</td>
                <td></td>
            </tr>
            <tr>
                <td>6. Status Perkawinan</td>
                <td>: Belum Kawin</td>
                <td></td>
            </tr>
            <tr>
                <td>7. No. KTP/NIK</td>
                <td>: 3329170305010022</td>
                <td></td>
            </tr>
            <tr>
                <td>8. Pekerjaan</td>
                <td>: Wiraswasta</td>
                <td></td>
            </tr>
            <tr>
                <td>9. Alamat</td>
                <td>: Perumahan Gangga Ayu</td>
                <td></td>
            </tr>
        </table>

        <p>Berdasarkan Surat Keterangan dari Ketua Hukum Warga RW 006 Nomor Tanggal 04 Agustus 2023 dan menurut pengakuan yang bersangkutan sampai saat ini belum pernah tersangkut yustisi/urusan kepolisian.</p>

        <p>Surat keterangan ini diperlukan untuk PEMBUATAN SKCK</p>

        <p>Demikian Surat Keterangan ini kami buat atas permintaan yang bersangkutan dan dapat dipergunakan sebagaimana mestinya.</p>

        <div class="tanda-tangan">
            <div>
                No. Reg :
                <br>
                Tanggal :
            </div>
            <div>
                Bandungsari, 04 Agustus 2023
                <br>
                Pemohon Mengetahui KEPALA DESA
            </div>
        </div>

    </body>

</html>
<!-- DEBUG-VIEW ENDED 1 APPPATH\\Views\\pages\\admin\\cetak_surat.php -->
', true, false, true, false, '')
 4 SYSTEMPATH\CodeIgniter.php(932): App\Controllers\Admin->cetak('15')
 5 SYSTEMPATH\CodeIgniter.php(497): CodeIgniter\CodeIgniter->runController(Object(App\Controllers\Admin))
 6 SYSTEMPATH\CodeIgniter.php(366): CodeIgniter\CodeIgniter->handleRequest(null, Object(Config\Cache), false)
 7 FCPATH\index.php(67): CodeIgniter\CodeIgniter->run()
 8 SYSTEMPATH\Commands\Server\rewrite.php(47): require_once('C:\\xampp\\htdocs\\ci4_admin\\public\\index.php')
INFO - 2023-09-15 09:02:15 --> Session: Class initialized using 'CodeIgniter\Session\Handlers\FileHandler' driver.
INFO - 2023-09-15 09:02:17 --> Session: Class initialized using 'CodeIgniter\Session\Handlers\FileHandler' driver.
INFO - 2023-09-15 09:02:19 --> Session: Class initialized using 'CodeIgniter\Session\Handlers\FileHandler' driver.
CRITICAL - 2023-09-15 09:02:19 --> Undefined variable $cellspacingx
in VENDORPATH\tecnickcom\tcpdf\tcpdf.php on line 18282.
 1 VENDORPATH\tecnickcom\tcpdf\tcpdf.php(18282): CodeIgniter\Debug\Exceptions->errorHandler(2, 'Undefined variable $cellspacingx', 'C:\\xampp\\htdocs\\ci4_admin\\vendor\\tecnickcom\\tcpdf\\tcpdf.php', 18282)
 2 APPPATH\Controllers\Admin.php(291): TCPDF->writeHTML('<!-- DEBUG-VIEW START 1 APPPATH\\Views\\pages\\admin\\cetak_surat.php -->
<!DOCTYPE html>
<html lang="en">

<head>
    <meta charset="UTF-8">
    <meta name="viewport" content="width=device-width, initial-scale=1.0">
    <title>Surat Pengantar Catatan Kepolisian</title>
    <style>
        body {
            font-family: Arial, sans-serif;
        }

        .container {
            max-width: 600px;
            margin: auto;
            padding: 20px;
            border: 1px solid #ccc;
            background-color: #f9f9f9;
        }

        .header {
            text-align: center;
        }



        .tanda-tangan {
            margin-top: 30px;
            display: flex;
            justify-content: space-between;
            align-items: center;
        }
    </style>
</head>

<body>
            <tr>
            <td>
                <p style="text-align: center;">PEMERINTAHAN KABUPATEN BREBES <br>KECAMATAN BANJARHARJO <br>DESA BANDUNGSARI <br>Alamat : Jl. Raya Desa Bandungsari Kecamatan Banjarharjo Kabupaten Brebes 52265</p>
            </td>
            <!-- <p style="text-align: center;">Alamat : Jl. Raya Desa Bandungsari Kecamatan Banjarharjo Kabupaten Brebes  52265</p> -->
        </tr>
        <hr>
        <div class="header">
            <h2>SURAT PENGANTAR CATATAN KEPOLISIAN</h2>
        </div>


        <p>Kode Desa : 29172001</p>

        <p>NOMOR : 331/514/2001/VIII/2023</p>

        <p>Yang bertanda tangan dibawah ini kami Kepala Desa Bandungsari Kecamatan Banjarharjo Kabupaten Brebes Provinsi Jawa Tengah, menerangkan bahwa :</p>

        <table>
            <tr>
                <td>1. Nama Lengkap</td>
                <td>: Ahmad Zainudin</td>
                <td></td>
            </tr>
            <tr>
                <td>2. Jenis Kelamin</td>
                <td>: Laki-Laki</td>
                <td></td>
            </tr>
            <tr>
                <td>3. Tempat/Tanggal Lahir</td>
                <td>: Tasikmalaya,2023-08-01</td>
                <td></td>
            </tr>
            <tr>
                <td>4. Warga Negara</td>
                <td>: Indonesia</td>
                <td></td>
            </tr>
            <tr>
                <td>5. Agama</td>
                <td>: Islam</td>
                <td></td>
            </tr>
            <tr>
                <td>6. Status Perkawinan</td>
                <td>: Belum Kawin</td>
                <td></td>
            </tr>
            <tr>
                <td>7. No. KTP/NIK</td>
                <td>: 3329170305010022</td>
                <td></td>
            </tr>
            <tr>
                <td>8. Pekerjaan</td>
                <td>: Wiraswasta</td>
                <td></td>
            </tr>
            <tr>
                <td>9. Alamat</td>
                <td>: Perumahan Gangga Ayu</td>
                <td></td>
            </tr>
        </table>

        <p>Berdasarkan Surat Keterangan dari Ketua Hukum Warga RW 006 Nomor Tanggal 04 Agustus 2023 dan menurut pengakuan yang bersangkutan sampai saat ini belum pernah tersangkut yustisi/urusan kepolisian.</p>

        <p>Surat keterangan ini diperlukan untuk PEMBUATAN SKCK</p>

        <p>Demikian Surat Keterangan ini kami buat atas permintaan yang bersangkutan dan dapat dipergunakan sebagaimana mestinya.</p>

        <div class="tanda-tangan">
            <div>
                No. Reg :
                <br>
                Tanggal :
            </div>
            <div>
                Bandungsari, 04 Agustus 2023
                <br>
                Pemohon Mengetahui KEPALA DESA
            </div>
        </div>

    </body>

</html>
<!-- DEBUG-VIEW ENDED 1 APPPATH\\Views\\pages\\admin\\cetak_surat.php -->
', true, false, true, false, '')
 3 SYSTEMPATH\CodeIgniter.php(932): App\Controllers\Admin->cetak('15')
 4 SYSTEMPATH\CodeIgniter.php(497): CodeIgniter\CodeIgniter->runController(Object(App\Controllers\Admin))
 5 SYSTEMPATH\CodeIgniter.php(366): CodeIgniter\CodeIgniter->handleRequest(null, Object(Config\Cache), false)
 6 FCPATH\index.php(67): CodeIgniter\CodeIgniter->run()
 7 SYSTEMPATH\Commands\Server\rewrite.php(47): require_once('C:\\xampp\\htdocs\\ci4_admin\\public\\index.php')
INFO - 2023-09-15 09:02:50 --> Session: Class initialized using 'CodeIgniter\Session\Handlers\FileHandler' driver.
CRITICAL - 2023-09-15 09:02:50 --> Undefined variable $cellspacingx
in VENDORPATH\tecnickcom\tcpdf\tcpdf.php on line 18282.
 1 VENDORPATH\tecnickcom\tcpdf\tcpdf.php(18282): CodeIgniter\Debug\Exceptions->errorHandler(2, 'Undefined variable $cellspacingx', 'C:\\xampp\\htdocs\\ci4_admin\\vendor\\tecnickcom\\tcpdf\\tcpdf.php', 18282)
 2 APPPATH\Controllers\Admin.php(291): TCPDF->writeHTML('<!-- DEBUG-VIEW START 1 APPPATH\\Views\\pages\\admin\\cetak_surat.php -->
<!DOCTYPE html>
<html lang="en">

<head>
    <meta charset="UTF-8">
    <meta name="viewport" content="width=device-width, initial-scale=1.0">
    <title>Surat Pengantar Catatan Kepolisian</title>
    <style>
        body {
            font-family: Arial, sans-serif;
        }

        .container {
            max-width: 600px;
            margin: auto;
            padding: 20px;
            border: 1px solid #ccc;
            background-color: #f9f9f9;
        }

        .header {
            text-align: center;
        }



        .tanda-tangan {
            margin-top: 30px;
            display: flex;
            justify-content: space-between;
            align-items: center;
        }
    </style>
</head>

<body>
            <tr>
            <td style="text-align: center;">
                PEMERINTAHAN KABUPATEN BREBES <br>KECAMATAN BANJARHARJO <br>DESA BANDUNGSARI <br>Alamat : Jl. Raya Desa Bandungsari Kecamatan Banjarharjo Kabupaten Brebes 52265
            </td>
            <!-- <p style="text-align: center;">Alamat : Jl. Raya Desa Bandungsari Kecamatan Banjarharjo Kabupaten Brebes  52265</p> -->
        </tr>
        <hr>
        <div class="header">
            <h2>SURAT PENGANTAR CATATAN KEPOLISIAN</h2>
        </div>


        <p>Kode Desa : 29172001</p>

        <p>NOMOR : 331/514/2001/VIII/2023</p>

        <p>Yang bertanda tangan dibawah ini kami Kepala Desa Bandungsari Kecamatan Banjarharjo Kabupaten Brebes Provinsi Jawa Tengah, menerangkan bahwa :</p>

        <table>
            <tr>
                <td>1. Nama Lengkap</td>
                <td>: Ahmad Zainudin</td>
                <td></td>
            </tr>
            <tr>
                <td>2. Jenis Kelamin</td>
                <td>: Laki-Laki</td>
                <td></td>
            </tr>
            <tr>
                <td>3. Tempat/Tanggal Lahir</td>
                <td>: Tasikmalaya,2023-08-01</td>
                <td></td>
            </tr>
            <tr>
                <td>4. Warga Negara</td>
                <td>: Indonesia</td>
                <td></td>
            </tr>
            <tr>
                <td>5. Agama</td>
                <td>: Islam</td>
                <td></td>
            </tr>
            <tr>
                <td>6. Status Perkawinan</td>
                <td>: Belum Kawin</td>
                <td></td>
            </tr>
            <tr>
                <td>7. No. KTP/NIK</td>
                <td>: 3329170305010022</td>
                <td></td>
            </tr>
            <tr>
                <td>8. Pekerjaan</td>
                <td>: Wiraswasta</td>
                <td></td>
            </tr>
            <tr>
                <td>9. Alamat</td>
                <td>: Perumahan Gangga Ayu</td>
                <td></td>
            </tr>
        </table>

        <p>Berdasarkan Surat Keterangan dari Ketua Hukum Warga RW 006 Nomor Tanggal 04 Agustus 2023 dan menurut pengakuan yang bersangkutan sampai saat ini belum pernah tersangkut yustisi/urusan kepolisian.</p>

        <p>Surat keterangan ini diperlukan untuk PEMBUATAN SKCK</p>

        <p>Demikian Surat Keterangan ini kami buat atas permintaan yang bersangkutan dan dapat dipergunakan sebagaimana mestinya.</p>

        <div class="tanda-tangan">
            <div>
                No. Reg :
                <br>
                Tanggal :
            </div>
            <div>
                Bandungsari, 04 Agustus 2023
                <br>
                Pemohon Mengetahui KEPALA DESA
            </div>
        </div>

    </body>

</html>
<!-- DEBUG-VIEW ENDED 1 APPPATH\\Views\\pages\\admin\\cetak_surat.php -->
', true, false, true, false, '')
 3 SYSTEMPATH\CodeIgniter.php(932): App\Controllers\Admin->cetak('15')
 4 SYSTEMPATH\CodeIgniter.php(497): CodeIgniter\CodeIgniter->runController(Object(App\Controllers\Admin))
 5 SYSTEMPATH\CodeIgniter.php(366): CodeIgniter\CodeIgniter->handleRequest(null, Object(Config\Cache), false)
 6 FCPATH\index.php(67): CodeIgniter\CodeIgniter->run()
 7 SYSTEMPATH\Commands\Server\rewrite.php(47): require_once('C:\\xampp\\htdocs\\ci4_admin\\public\\index.php')
INFO - 2023-09-15 09:02:52 --> Session: Class initialized using 'CodeIgniter\Session\Handlers\FileHandler' driver.
INFO - 2023-09-15 09:02:54 --> Session: Class initialized using 'CodeIgniter\Session\Handlers\FileHandler' driver.
INFO - 2023-09-15 09:02:57 --> Session: Class initialized using 'CodeIgniter\Session\Handlers\FileHandler' driver.
CRITICAL - 2023-09-15 09:02:57 --> Undefined variable $cellspacingx
in VENDORPATH\tecnickcom\tcpdf\tcpdf.php on line 18282.
 1 VENDORPATH\tecnickcom\tcpdf\tcpdf.php(18282): CodeIgniter\Debug\Exceptions->errorHandler(2, 'Undefined variable $cellspacingx', 'C:\\xampp\\htdocs\\ci4_admin\\vendor\\tecnickcom\\tcpdf\\tcpdf.php', 18282)
 2 APPPATH\Controllers\Admin.php(291): TCPDF->writeHTML('<!-- DEBUG-VIEW START 1 APPPATH\\Views\\pages\\admin\\cetak_surat.php -->
<!DOCTYPE html>
<html lang="en">

<head>
    <meta charset="UTF-8">
    <meta name="viewport" content="width=device-width, initial-scale=1.0">
    <title>Surat Pengantar Catatan Kepolisian</title>
    <style>
        body {
            font-family: Arial, sans-serif;
        }

        .container {
            max-width: 600px;
            margin: auto;
            padding: 20px;
            border: 1px solid #ccc;
            background-color: #f9f9f9;
        }

        .header {
            text-align: center;
        }



        .tanda-tangan {
            margin-top: 30px;
            display: flex;
            justify-content: space-between;
            align-items: center;
        }
    </style>
</head>

<body>
            <tr>
            <td style="text-align: center;">
                PEMERINTAHAN KABUPATEN BREBES <br>KECAMATAN BANJARHARJO <br>DESA BANDUNGSARI <br>Alamat : Jl. Raya Desa Bandungsari Kecamatan Banjarharjo Kabupaten Brebes 52265
            </td>
            <!-- <p style="text-align: center;">Alamat : Jl. Raya Desa Bandungsari Kecamatan Banjarharjo Kabupaten Brebes  52265</p> -->
        </tr>
        <hr>
        <div class="header">
            <h2>SURAT PENGANTAR CATATAN KEPOLISIAN</h2>
        </div>


        <p>Kode Desa : 29172001</p>

        <p>NOMOR : 331/514/2001/VIII/2023</p>

        <p>Yang bertanda tangan dibawah ini kami Kepala Desa Bandungsari Kecamatan Banjarharjo Kabupaten Brebes Provinsi Jawa Tengah, menerangkan bahwa :</p>

        <table>
            <tr>
                <td>1. Nama Lengkap</td>
                <td>: Ahmad Zainudin</td>
                <td></td>
            </tr>
            <tr>
                <td>2. Jenis Kelamin</td>
                <td>: Laki-Laki</td>
                <td></td>
            </tr>
            <tr>
                <td>3. Tempat/Tanggal Lahir</td>
                <td>: Tasikmalaya,2023-08-01</td>
                <td></td>
            </tr>
            <tr>
                <td>4. Warga Negara</td>
                <td>: Indonesia</td>
                <td></td>
            </tr>
            <tr>
                <td>5. Agama</td>
                <td>: Islam</td>
                <td></td>
            </tr>
            <tr>
                <td>6. Status Perkawinan</td>
                <td>: Belum Kawin</td>
                <td></td>
            </tr>
            <tr>
                <td>7. No. KTP/NIK</td>
                <td>: 3329170305010022</td>
                <td></td>
            </tr>
            <tr>
                <td>8. Pekerjaan</td>
                <td>: Wiraswasta</td>
                <td></td>
            </tr>
            <tr>
                <td>9. Alamat</td>
                <td>: Perumahan Gangga Ayu</td>
                <td></td>
            </tr>
        </table>

        <p>Berdasarkan Surat Keterangan dari Ketua Hukum Warga RW 006 Nomor Tanggal 04 Agustus 2023 dan menurut pengakuan yang bersangkutan sampai saat ini belum pernah tersangkut yustisi/urusan kepolisian.</p>

        <p>Surat keterangan ini diperlukan untuk PEMBUATAN SKCK</p>

        <p>Demikian Surat Keterangan ini kami buat atas permintaan yang bersangkutan dan dapat dipergunakan sebagaimana mestinya.</p>

        <div class="tanda-tangan">
            <div>
                No. Reg :
                <br>
                Tanggal :
            </div>
            <div>
                Bandungsari, 04 Agustus 2023
                <br>
                Pemohon Mengetahui KEPALA DESA
            </div>
        </div>

    </body>

</html>
<!-- DEBUG-VIEW ENDED 1 APPPATH\\Views\\pages\\admin\\cetak_surat.php -->
', true, false, true, false, '')
 3 SYSTEMPATH\CodeIgniter.php(932): App\Controllers\Admin->cetak('15')
 4 SYSTEMPATH\CodeIgniter.php(497): CodeIgniter\CodeIgniter->runController(Object(App\Controllers\Admin))
 5 SYSTEMPATH\CodeIgniter.php(366): CodeIgniter\CodeIgniter->handleRequest(null, Object(Config\Cache), false)
 6 FCPATH\index.php(67): CodeIgniter\CodeIgniter->run()
 7 SYSTEMPATH\Commands\Server\rewrite.php(47): require_once('C:\\xampp\\htdocs\\ci4_admin\\public\\index.php')
INFO - 2023-09-15 09:03:42 --> Session: Class initialized using 'CodeIgniter\Session\Handlers\FileHandler' driver.
INFO - 2023-09-15 09:03:44 --> Session: Class initialized using 'CodeIgniter\Session\Handlers\FileHandler' driver.
INFO - 2023-09-15 09:03:47 --> Session: Class initialized using 'CodeIgniter\Session\Handlers\FileHandler' driver.
INFO - 2023-09-15 09:03:49 --> Session: Class initialized using 'CodeIgniter\Session\Handlers\FileHandler' driver.
INFO - 2023-09-15 09:03:49 --> Session: Class initialized using 'CodeIgniter\Session\Handlers\FileHandler' driver.
