INFO - 2024-12-20 02:01:11 --> Session: Class initialized using 'CodeIgniter\Session\Handlers\FileHandler' driver.
INFO - 2024-12-20 02:01:16 --> Session: Class initialized using 'CodeIgniter\Session\Handlers\FileHandler' driver.
INFO - 2024-12-20 02:01:18 --> Session: Class initialized using 'CodeIgniter\Session\Handlers\FileHandler' driver.
INFO - 2024-12-20 02:01:18 --> Session: Class initialized using 'CodeIgniter\Session\Handlers\FileHandler' driver.
INFO - 2024-12-20 02:01:24 --> Session: Class initialized using 'CodeIgniter\Session\Handlers\FileHandler' driver.
INFO - 2024-12-20 02:01:31 --> Session: Class initialized using 'CodeIgniter\Session\Handlers\FileHandler' driver.
INFO - 2024-12-20 02:03:38 --> Session: Class initialized using 'CodeIgniter\Session\Handlers\FileHandler' driver.
INFO - 2024-12-20 02:03:38 --> Session: Class initialized using 'CodeIgniter\Session\Handlers\FileHandler' driver.
INFO - 2024-12-20 02:03:42 --> Session: Class initialized using 'CodeIgniter\Session\Handlers\FileHandler' driver.
INFO - 2024-12-20 02:04:16 --> Session: Class initialized using 'CodeIgniter\Session\Handlers\FileHandler' driver.
INFO - 2024-12-20 02:04:16 --> Session: Class initialized using 'CodeIgniter\Session\Handlers\FileHandler' driver.
INFO - 2024-12-20 02:04:22 --> Session: Class initialized using 'CodeIgniter\Session\Handlers\FileHandler' driver.
INFO - 2024-12-20 02:07:07 --> Session: Class initialized using 'CodeIgniter\Session\Handlers\FileHandler' driver.
INFO - 2024-12-20 02:51:58 --> Session: Class initialized using 'CodeIgniter\Session\Handlers\FileHandler' driver.
INFO - 2024-12-20 02:52:15 --> Session: Class initialized using 'CodeIgniter\Session\Handlers\FileHandler' driver.
INFO - 2024-12-20 02:52:33 --> Session: Class initialized using 'CodeIgniter\Session\Handlers\FileHandler' driver.
INFO - 2024-12-20 02:52:47 --> Session: Class initialized using 'CodeIgniter\Session\Handlers\FileHandler' driver.
INFO - 2024-12-20 02:56:35 --> Session: Class initialized using 'CodeIgniter\Session\Handlers\FileHandler' driver.
INFO - 2024-12-20 02:56:36 --> Session: Class initialized using 'CodeIgniter\Session\Handlers\FileHandler' driver.
INFO - 2024-12-20 02:56:41 --> Session: Class initialized using 'CodeIgniter\Session\Handlers\FileHandler' driver.
INFO - 2024-12-20 02:59:03 --> Session: Class initialized using 'CodeIgniter\Session\Handlers\FileHandler' driver.
INFO - 2024-12-20 02:59:03 --> Session: Class initialized using 'CodeIgniter\Session\Handlers\FileHandler' driver.
INFO - 2024-12-20 03:09:13 --> Session: Class initialized using 'CodeIgniter\Session\Handlers\FileHandler' driver.
INFO - 2024-12-20 03:10:06 --> Session: Class initialized using 'CodeIgniter\Session\Handlers\FileHandler' driver.
INFO - 2024-12-20 03:22:03 --> Session: Class initialized using 'CodeIgniter\Session\Handlers\FileHandler' driver.
INFO - 2024-12-20 03:22:09 --> Session: Class initialized using 'CodeIgniter\Session\Handlers\FileHandler' driver.
INFO - 2024-12-20 03:22:19 --> Session: Class initialized using 'CodeIgniter\Session\Handlers\FileHandler' driver.
INFO - 2024-12-20 03:22:31 --> Session: Class initialized using 'CodeIgniter\Session\Handlers\FileHandler' driver.
INFO - 2024-12-20 03:49:26 --> Session: Class initialized using 'CodeIgniter\Session\Handlers\FileHandler' driver.
INFO - 2024-12-20 03:49:55 --> Session: Class initialized using 'CodeIgniter\Session\Handlers\FileHandler' driver.
INFO - 2024-12-20 03:50:01 --> Session: Class initialized using 'CodeIgniter\Session\Handlers\FileHandler' driver.
INFO - 2024-12-20 03:50:39 --> Session: Class initialized using 'CodeIgniter\Session\Handlers\FileHandler' driver.
INFO - 2024-12-20 03:55:09 --> Session: Class initialized using 'CodeIgniter\Session\Handlers\FileHandler' driver.
CRITICAL - 2024-12-20 03:55:09 --> Undefined index: judul
in APPPATH\Views\pages\admin\home\edit_testimoni.php on line 54.
 1 APPPATH\Views\pages\admin\home\edit_testimoni.php(54): CodeIgniter\Debug\Exceptions->errorHandler(8, 'Undefined index: judul', 'C:\\laragon\\www\\dak\\app\\Views\\pages\\admin\\home\\edit_testimoni.php', 54, [...])
 2 SYSTEMPATH\View\View.php(224): include('C:\\laragon\\www\\dak\\app\\Views\\pages\\admin\\home\\edit_testimoni.php')
 3 SYSTEMPATH\View\View.php(227): CodeIgniter\View\View->CodeIgniter\View\{closure}()
 4 SYSTEMPATH\Common.php(1180): CodeIgniter\View\View->render('pages/admin//home/edit_testimoni', [], true)
 5 APPPATH\Controllers\Admin.php(564): view('pages/admin//home/edit_testimoni')
 6 SYSTEMPATH\CodeIgniter.php(932): App\Controllers\Admin->edit_testimoni('3')
 7 SYSTEMPATH\CodeIgniter.php(497): CodeIgniter\CodeIgniter->runController(Object(App\Controllers\Admin))
 8 SYSTEMPATH\CodeIgniter.php(366): CodeIgniter\CodeIgniter->handleRequest(null, Object(Config\Cache), false)
 9 FCPATH\index.php(67): CodeIgniter\CodeIgniter->run()
10 SYSTEMPATH\Commands\Server\rewrite.php(47): require_once('C:\\laragon\\www\\dak\\public\\index.php')
INFO - 2024-12-20 04:12:45 --> Session: Class initialized using 'CodeIgniter\Session\Handlers\FileHandler' driver.
INFO - 2024-12-20 04:12:55 --> Session: Class initialized using 'CodeIgniter\Session\Handlers\FileHandler' driver.
INFO - 2024-12-20 04:12:56 --> Session: Class initialized using 'CodeIgniter\Session\Handlers\FileHandler' driver.
INFO - 2024-12-20 04:17:40 --> Session: Class initialized using 'CodeIgniter\Session\Handlers\FileHandler' driver.
INFO - 2024-12-20 04:18:34 --> Session: Class initialized using 'CodeIgniter\Session\Handlers\FileHandler' driver.
INFO - 2024-12-20 06:57:58 --> Session: Class initialized using 'CodeIgniter\Session\Handlers\FileHandler' driver.
INFO - 2024-12-20 06:57:58 --> Session: Class initialized using 'CodeIgniter\Session\Handlers\FileHandler' driver.
INFO - 2024-12-20 06:58:02 --> Session: Class initialized using 'CodeIgniter\Session\Handlers\FileHandler' driver.
INFO - 2024-12-20 06:58:03 --> Session: Class initialized using 'CodeIgniter\Session\Handlers\FileHandler' driver.
INFO - 2024-12-20 06:58:17 --> Session: Class initialized using 'CodeIgniter\Session\Handlers\FileHandler' driver.
INFO - 2024-12-20 06:58:39 --> Session: Class initialized using 'CodeIgniter\Session\Handlers\FileHandler' driver.
INFO - 2024-12-20 07:06:48 --> Session: Class initialized using 'CodeIgniter\Session\Handlers\FileHandler' driver.
CRITICAL - 2024-12-20 07:06:48 --> Undefined variable: berita
in APPPATH\Views\pages\admin\home\show_home.php on line 101.
 1 APPPATH\Views\pages\admin\home\show_home.php(101): CodeIgniter\Debug\Exceptions->errorHandler(8, 'Undefined variable: berita', 'C:\\laragon\\www\\dak\\app\\Views\\pages\\admin\\home\\show_home.php', 101, [...])
 2 SYSTEMPATH\View\View.php(224): include('C:\\laragon\\www\\dak\\app\\Views\\pages\\admin\\home\\show_home.php')
 3 SYSTEMPATH\View\View.php(227): CodeIgniter\View\View->CodeIgniter\View\{closure}()
 4 SYSTEMPATH\Common.php(1180): CodeIgniter\View\View->render('pages/admin/home/show_home', [], true)
 5 APPPATH\Controllers\Admin.php(179): view('pages/admin/home/show_home')
 6 SYSTEMPATH\CodeIgniter.php(932): App\Controllers\Admin->show_home()
 7 SYSTEMPATH\CodeIgniter.php(497): CodeIgniter\CodeIgniter->runController(Object(App\Controllers\Admin))
 8 SYSTEMPATH\CodeIgniter.php(366): CodeIgniter\CodeIgniter->handleRequest(null, Object(Config\Cache), false)
 9 FCPATH\index.php(67): CodeIgniter\CodeIgniter->run()
10 SYSTEMPATH\Commands\Server\rewrite.php(47): require_once('C:\\laragon\\www\\dak\\public\\index.php')
INFO - 2024-12-20 07:07:59 --> Session: Class initialized using 'CodeIgniter\Session\Handlers\FileHandler' driver.
INFO - 2024-12-20 07:11:14 --> Session: Class initialized using 'CodeIgniter\Session\Handlers\FileHandler' driver.
INFO - 2024-12-20 07:11:24 --> Session: Class initialized using 'CodeIgniter\Session\Handlers\FileHandler' driver.
INFO - 2024-12-20 07:11:33 --> Session: Class initialized using 'CodeIgniter\Session\Handlers\FileHandler' driver.
CRITICAL - 2024-12-20 07:11:33 --> Undefined variable: testimoni
in APPPATH\Views\pages\admin\home\edit_berita.php on line 34.
 1 APPPATH\Views\pages\admin\home\edit_berita.php(34): CodeIgniter\Debug\Exceptions->errorHandler(8, 'Undefined variable: testimoni', 'C:\\laragon\\www\\dak\\app\\Views\\pages\\admin\\home\\edit_berita.php', 34, [...])
 2 SYSTEMPATH\View\View.php(224): include('C:\\laragon\\www\\dak\\app\\Views\\pages\\admin\\home\\edit_berita.php')
 3 SYSTEMPATH\View\View.php(227): CodeIgniter\View\View->CodeIgniter\View\{closure}()
 4 SYSTEMPATH\Common.php(1180): CodeIgniter\View\View->render('pages/admin//home/edit_berita', [], true)
 5 APPPATH\Controllers\Admin.php(564): view('pages/admin//home/edit_berita')
 6 SYSTEMPATH\CodeIgniter.php(932): App\Controllers\Admin->edit_berita('1')
 7 SYSTEMPATH\CodeIgniter.php(497): CodeIgniter\CodeIgniter->runController(Object(App\Controllers\Admin))
 8 SYSTEMPATH\CodeIgniter.php(366): CodeIgniter\CodeIgniter->handleRequest(null, Object(Config\Cache), false)
 9 FCPATH\index.php(67): CodeIgniter\CodeIgniter->run()
10 SYSTEMPATH\Commands\Server\rewrite.php(47): require_once('C:\\laragon\\www\\dak\\public\\index.php')
INFO - 2024-12-20 07:12:24 --> Session: Class initialized using 'CodeIgniter\Session\Handlers\FileHandler' driver.
CRITICAL - 2024-12-20 07:12:25 --> Undefined index: berita
in APPPATH\Views\pages\admin\home\edit_berita.php on line 69.
 1 APPPATH\Views\pages\admin\home\edit_berita.php(69): CodeIgniter\Debug\Exceptions->errorHandler(8, 'Undefined index: berita', 'C:\\laragon\\www\\dak\\app\\Views\\pages\\admin\\home\\edit_berita.php', 69, [...])
 2 SYSTEMPATH\View\View.php(224): include('C:\\laragon\\www\\dak\\app\\Views\\pages\\admin\\home\\edit_berita.php')
 3 SYSTEMPATH\View\View.php(227): CodeIgniter\View\View->CodeIgniter\View\{closure}()
 4 SYSTEMPATH\Common.php(1180): CodeIgniter\View\View->render('pages/admin//home/edit_berita', [], true)
 5 APPPATH\Controllers\Admin.php(564): view('pages/admin//home/edit_berita')
 6 SYSTEMPATH\CodeIgniter.php(932): App\Controllers\Admin->edit_berita('1')
 7 SYSTEMPATH\CodeIgniter.php(497): CodeIgniter\CodeIgniter->runController(Object(App\Controllers\Admin))
 8 SYSTEMPATH\CodeIgniter.php(366): CodeIgniter\CodeIgniter->handleRequest(null, Object(Config\Cache), false)
 9 FCPATH\index.php(67): CodeIgniter\CodeIgniter->run()
10 SYSTEMPATH\Commands\Server\rewrite.php(47): require_once('C:\\laragon\\www\\dak\\public\\index.php')
INFO - 2024-12-20 07:13:11 --> Session: Class initialized using 'CodeIgniter\Session\Handlers\FileHandler' driver.
INFO - 2024-12-20 07:13:43 --> Session: Class initialized using 'CodeIgniter\Session\Handlers\FileHandler' driver.
INFO - 2024-12-20 07:13:43 --> Session: Class initialized using 'CodeIgniter\Session\Handlers\FileHandler' driver.
INFO - 2024-12-20 07:15:47 --> Session: Class initialized using 'CodeIgniter\Session\Handlers\FileHandler' driver.
INFO - 2024-12-20 07:17:17 --> Session: Class initialized using 'CodeIgniter\Session\Handlers\FileHandler' driver.
INFO - 2024-12-20 07:17:43 --> Session: Class initialized using 'CodeIgniter\Session\Handlers\FileHandler' driver.
INFO - 2024-12-20 07:18:55 --> Session: Class initialized using 'CodeIgniter\Session\Handlers\FileHandler' driver.
INFO - 2024-12-20 07:20:00 --> Session: Class initialized using 'CodeIgniter\Session\Handlers\FileHandler' driver.
INFO - 2024-12-20 07:20:27 --> Session: Class initialized using 'CodeIgniter\Session\Handlers\FileHandler' driver.
ERROR - 2024-12-20 07:20:27 --> mysqli_sql_exception: Unknown column 'update_at' in 'field list' in C:\laragon\www\dak\system\Database\MySQLi\Connection.php:295
Stack trace:
#0 C:\laragon\www\dak\system\Database\MySQLi\Connection.php(295): mysqli->query('UPDATE `berita`...', 0)
#1 C:\laragon\www\dak\system\Database\BaseConnection.php(692): CodeIgniter\Database\MySQLi\Connection->execute('UPDATE `berita`...')
#2 C:\laragon\www\dak\system\Database\BaseConnection.php(606): CodeIgniter\Database\BaseConnection->simpleQuery('UPDATE `berita`...')
#3 C:\laragon\www\dak\system\Database\BaseBuilder.php(2476): CodeIgniter\Database\BaseConnection->query('UPDATE `berita`...', Array, false)
#4 C:\laragon\www\dak\system\Model.php(400): CodeIgniter\Database\BaseBuilder->update()
#5 C:\laragon\www\dak\system\BaseModel.php(943): CodeIgniter\Model->doUpdate(Array, Array)
#6 C:\laragon\www\dak\system\Model.php(760): CodeIgniter\BaseModel->update(Array, Array)
#7 C:\laragon\www\dak\app\Controllers\Admin.php(1020): CodeIgniter\Model->update('1', Array)
#8 C:\laragon\www\dak\system\CodeIgniter.php(932): App\Controllers\Admin->update_berita('1')
#9 C:\laragon\www\dak\system\CodeIgniter.php(497): CodeIgniter\CodeIgniter->runController(Object(App\Controllers\Admin))
#10 C:\laragon\www\dak\system\CodeIgniter.php(366): CodeIgniter\CodeIgniter->handleRequest(NULL, Object(Config\Cache), false)
#11 C:\laragon\www\dak\public\index.php(67): CodeIgniter\CodeIgniter->run()
#12 C:\laragon\www\dak\system\Commands\Server\rewrite.php(47): require_once('C:\\laragon\\www\\...')
#13 {main}
CRITICAL - 2024-12-20 07:20:27 --> Unknown column 'update_at' in 'field list'
in SYSTEMPATH\Database\MySQLi\Connection.php on line 295.
 1 SYSTEMPATH\Database\MySQLi\Connection.php(295): mysqli->query('UPDATE `berita` SET `image` = \'sulut44.jpg\', `name` = \'Hafizh\', `judul` = \'Monitoring dan Evaluasi DAK Irigasi TA.2024 Kab.Brebes\', `tanggal` = \'2024-12-21\', `deskripsi` = \'DAK merupakan alokasi dari Anggaran Pendapatan dan Belanja Negara (APBN) kepada provinsi/kabupaten/kota tertentu dengan tujuan untuk mendanai kegiatan khusus yang merupakan urusan Pemerintahan Daerah dan sesuai dengan prioritas nasional. DAK termasuk Dana Perimbangan di samping Dana Alokasi Umum (DAU). Tujuan DAK sendiri sebagaimana diatur dalam Peraturan Pemerintah Nomor 55 Tahun 2005 tentang Dana Perimbangan, adalah membantu daerah tertentu untuk mendanai kebutuhan sarana dan prasarana pelayanan dasar masyarakat, dan untuk mendorong percepatan pembangunan daerah dan pencapaian sasaran prioritas nasional.\\r\\nPada RPJMN 2020-2024 DAK Bidang Irigasi mendukung terwujudnya target nasional terkait pekerjaan irigasi dan infrastruktur pengendali banjir. DAK Bidang Irigasi mendukung PN.1 yaitu “Memperkuat Ketahanan Ekonomi untuk Pertumbuhan yang Berkualitas dan Berkeadilan” dan PN.5 “Memperkuat Infrastruktur untuk Mendukung Pembangunan Ekonomi dan Pelayanan Dasar”, dengan total target kegiatan pembangunan/peningkatan jaringan irigasi sebesar 166.500 Ha, kegiatan rehabilitasi jaringan irigasi sebesar 1.358.387 Ha dan kegiatan infrastruktur pengendali banjir sepanjang 124,4 Km.\\r\\n\', `nm_di` = \'D.I. Cigede\', `kab` = \'Brebes\', `prov` = \'Jawa Tengah\', `update_at` = \'2024-12-20 07:20:27\'
WHERE `berita`.`id` IN (\'1\')', 0)
 2 SYSTEMPATH\Database\BaseConnection.php(692): CodeIgniter\Database\MySQLi\Connection->execute('UPDATE `berita` SET `image` = \'sulut44.jpg\', `name` = \'Hafizh\', `judul` = \'Monitoring dan Evaluasi DAK Irigasi TA.2024 Kab.Brebes\', `tanggal` = \'2024-12-21\', `deskripsi` = \'DAK merupakan alokasi dari Anggaran Pendapatan dan Belanja Negara (APBN) kepada provinsi/kabupaten/kota tertentu dengan tujuan untuk mendanai kegiatan khusus yang merupakan urusan Pemerintahan Daerah dan sesuai dengan prioritas nasional. DAK termasuk Dana Perimbangan di samping Dana Alokasi Umum (DAU). Tujuan DAK sendiri sebagaimana diatur dalam Peraturan Pemerintah Nomor 55 Tahun 2005 tentang Dana Perimbangan, adalah membantu daerah tertentu untuk mendanai kebutuhan sarana dan prasarana pelayanan dasar masyarakat, dan untuk mendorong percepatan pembangunan daerah dan pencapaian sasaran prioritas nasional.\\r\\nPada RPJMN 2020-2024 DAK Bidang Irigasi mendukung terwujudnya target nasional terkait pekerjaan irigasi dan infrastruktur pengendali banjir. DAK Bidang Irigasi mendukung PN.1 yaitu “Memperkuat Ketahanan Ekonomi untuk Pertumbuhan yang Berkualitas dan Berkeadilan” dan PN.5 “Memperkuat Infrastruktur untuk Mendukung Pembangunan Ekonomi dan Pelayanan Dasar”, dengan total target kegiatan pembangunan/peningkatan jaringan irigasi sebesar 166.500 Ha, kegiatan rehabilitasi jaringan irigasi sebesar 1.358.387 Ha dan kegiatan infrastruktur pengendali banjir sepanjang 124,4 Km.\\r\\n\', `nm_di` = \'D.I. Cigede\', `kab` = \'Brebes\', `prov` = \'Jawa Tengah\', `update_at` = \'2024-12-20 07:20:27\'
WHERE `berita`.`id` IN (\'1\')')
 3 SYSTEMPATH\Database\BaseConnection.php(606): CodeIgniter\Database\BaseConnection->simpleQuery('UPDATE `berita` SET `image` = \'sulut44.jpg\', `name` = \'Hafizh\', `judul` = \'Monitoring dan Evaluasi DAK Irigasi TA.2024 Kab.Brebes\', `tanggal` = \'2024-12-21\', `deskripsi` = \'DAK merupakan alokasi dari Anggaran Pendapatan dan Belanja Negara (APBN) kepada provinsi/kabupaten/kota tertentu dengan tujuan untuk mendanai kegiatan khusus yang merupakan urusan Pemerintahan Daerah dan sesuai dengan prioritas nasional. DAK termasuk Dana Perimbangan di samping Dana Alokasi Umum (DAU). Tujuan DAK sendiri sebagaimana diatur dalam Peraturan Pemerintah Nomor 55 Tahun 2005 tentang Dana Perimbangan, adalah membantu daerah tertentu untuk mendanai kebutuhan sarana dan prasarana pelayanan dasar masyarakat, dan untuk mendorong percepatan pembangunan daerah dan pencapaian sasaran prioritas nasional.\\r\\nPada RPJMN 2020-2024 DAK Bidang Irigasi mendukung terwujudnya target nasional terkait pekerjaan irigasi dan infrastruktur pengendali banjir. DAK Bidang Irigasi mendukung PN.1 yaitu “Memperkuat Ketahanan Ekonomi untuk Pertumbuhan yang Berkualitas dan Berkeadilan” dan PN.5 “Memperkuat Infrastruktur untuk Mendukung Pembangunan Ekonomi dan Pelayanan Dasar”, dengan total target kegiatan pembangunan/peningkatan jaringan irigasi sebesar 166.500 Ha, kegiatan rehabilitasi jaringan irigasi sebesar 1.358.387 Ha dan kegiatan infrastruktur pengendali banjir sepanjang 124,4 Km.\\r\\n\', `nm_di` = \'D.I. Cigede\', `kab` = \'Brebes\', `prov` = \'Jawa Tengah\', `update_at` = \'2024-12-20 07:20:27\'
WHERE `berita`.`id` IN (\'1\')')
 4 SYSTEMPATH\Database\BaseBuilder.php(2476): CodeIgniter\Database\BaseConnection->query('UPDATE `berita` SET `image` = :image:, `name` = :name:, `judul` = :judul:, `tanggal` = :tanggal:, `deskripsi` = :deskripsi:, `nm_di` = :nm_di:, `kab` = :kab:, `prov` = :prov:, `update_at` = :update_at:
WHERE `berita`.`id` IN :berita.id:', [...], false)
 5 SYSTEMPATH\Model.php(400): CodeIgniter\Database\BaseBuilder->update()
 6 SYSTEMPATH\BaseModel.php(943): CodeIgniter\Model->doUpdate([...], [...])
 7 SYSTEMPATH\Model.php(760): CodeIgniter\BaseModel->update([...], [...])
 8 APPPATH\Controllers\Admin.php(1020): CodeIgniter\Model->update('1', [...])
 9 SYSTEMPATH\CodeIgniter.php(932): App\Controllers\Admin->update_berita('1')
10 SYSTEMPATH\CodeIgniter.php(497): CodeIgniter\CodeIgniter->runController(Object(App\Controllers\Admin))
11 SYSTEMPATH\CodeIgniter.php(366): CodeIgniter\CodeIgniter->handleRequest(null, Object(Config\Cache), false)
12 FCPATH\index.php(67): CodeIgniter\CodeIgniter->run()
13 SYSTEMPATH\Commands\Server\rewrite.php(47): require_once('C:\\laragon\\www\\dak\\public\\index.php')
INFO - 2024-12-20 07:20:31 --> Session: Class initialized using 'CodeIgniter\Session\Handlers\FileHandler' driver.
INFO - 2024-12-20 07:20:38 --> Session: Class initialized using 'CodeIgniter\Session\Handlers\FileHandler' driver.
INFO - 2024-12-20 07:20:47 --> Session: Class initialized using 'CodeIgniter\Session\Handlers\FileHandler' driver.
ERROR - 2024-12-20 07:20:47 --> mysqli_sql_exception: Unknown column 'update_at' in 'field list' in C:\laragon\www\dak\system\Database\MySQLi\Connection.php:295
Stack trace:
#0 C:\laragon\www\dak\system\Database\MySQLi\Connection.php(295): mysqli->query('UPDATE `berita`...', 0)
#1 C:\laragon\www\dak\system\Database\BaseConnection.php(692): CodeIgniter\Database\MySQLi\Connection->execute('UPDATE `berita`...')
#2 C:\laragon\www\dak\system\Database\BaseConnection.php(606): CodeIgniter\Database\BaseConnection->simpleQuery('UPDATE `berita`...')
#3 C:\laragon\www\dak\system\Database\BaseBuilder.php(2476): CodeIgniter\Database\BaseConnection->query('UPDATE `berita`...', Array, false)
#4 C:\laragon\www\dak\system\Model.php(400): CodeIgniter\Database\BaseBuilder->update()
#5 C:\laragon\www\dak\system\BaseModel.php(943): CodeIgniter\Model->doUpdate(Array, Array)
#6 C:\laragon\www\dak\system\Model.php(760): CodeIgniter\BaseModel->update(Array, Array)
#7 C:\laragon\www\dak\app\Controllers\Admin.php(1020): CodeIgniter\Model->update('1', Array)
#8 C:\laragon\www\dak\system\CodeIgniter.php(932): App\Controllers\Admin->update_berita('1')
#9 C:\laragon\www\dak\system\CodeIgniter.php(497): CodeIgniter\CodeIgniter->runController(Object(App\Controllers\Admin))
#10 C:\laragon\www\dak\system\CodeIgniter.php(366): CodeIgniter\CodeIgniter->handleRequest(NULL, Object(Config\Cache), false)
#11 C:\laragon\www\dak\public\index.php(67): CodeIgniter\CodeIgniter->run()
#12 C:\laragon\www\dak\system\Commands\Server\rewrite.php(47): require_once('C:\\laragon\\www\\...')
#13 {main}
CRITICAL - 2024-12-20 07:20:47 --> Unknown column 'update_at' in 'field list'
in SYSTEMPATH\Database\MySQLi\Connection.php on line 295.
 1 SYSTEMPATH\Database\MySQLi\Connection.php(295): mysqli->query('UPDATE `berita` SET `image` = \'sulut44.jpg\', `name` = \'Hafizh\', `judul` = \'Monitoring dan Evaluasi DAK Irigasi TA.2024 Kab.Brebes\', `tanggal` = \'2024-12-21\', `deskripsi` = \'DAK merupakan alokasi dari Anggaran Pendapatan dan Belanja Negara (APBN) kepada provinsi/kabupaten/kota tertentu dengan tujuan untuk mendanai kegiatan khusus yang merupakan urusan Pemerintahan Daerah dan sesuai dengan prioritas nasional. DAK termasuk Dana Perimbangan di samping Dana Alokasi Umum (DAU). Tujuan DAK sendiri sebagaimana diatur dalam Peraturan Pemerintah Nomor 55 Tahun 2005 tentang Dana Perimbangan, adalah membantu daerah tertentu untuk mendanai kebutuhan sarana dan prasarana pelayanan dasar masyarakat, dan untuk mendorong percepatan pembangunan daerah dan pencapaian sasaran prioritas nasional.\\r\\nPada RPJMN 2020-2024 DAK Bidang Irigasi mendukung terwujudnya target nasional terkait pekerjaan irigasi dan infrastruktur pengendali banjir. DAK Bidang Irigasi mendukung PN.1 yaitu “Memperkuat Ketahanan Ekonomi untuk Pertumbuhan yang Berkualitas dan Berkeadilan” dan PN.5 “Memperkuat Infrastruktur untuk Mendukung Pembangunan Ekonomi dan Pelayanan Dasar”, dengan total target kegiatan pembangunan/peningkatan jaringan irigasi sebesar 166.500 Ha, kegiatan rehabilitasi jaringan irigasi sebesar 1.358.387 Ha dan kegiatan infrastruktur pengendali banjir sepanjang 124,4 Km.\\r\\n\', `nm_di` = \'D.I. Cigede\', `kab` = \'Brebes\', `prov` = \'Jawa Tengah\', `update_at` = \'2024-12-20 07:20:47\'
WHERE `berita`.`id` IN (\'1\')', 0)
 2 SYSTEMPATH\Database\BaseConnection.php(692): CodeIgniter\Database\MySQLi\Connection->execute('UPDATE `berita` SET `image` = \'sulut44.jpg\', `name` = \'Hafizh\', `judul` = \'Monitoring dan Evaluasi DAK Irigasi TA.2024 Kab.Brebes\', `tanggal` = \'2024-12-21\', `deskripsi` = \'DAK merupakan alokasi dari Anggaran Pendapatan dan Belanja Negara (APBN) kepada provinsi/kabupaten/kota tertentu dengan tujuan untuk mendanai kegiatan khusus yang merupakan urusan Pemerintahan Daerah dan sesuai dengan prioritas nasional. DAK termasuk Dana Perimbangan di samping Dana Alokasi Umum (DAU). Tujuan DAK sendiri sebagaimana diatur dalam Peraturan Pemerintah Nomor 55 Tahun 2005 tentang Dana Perimbangan, adalah membantu daerah tertentu untuk mendanai kebutuhan sarana dan prasarana pelayanan dasar masyarakat, dan untuk mendorong percepatan pembangunan daerah dan pencapaian sasaran prioritas nasional.\\r\\nPada RPJMN 2020-2024 DAK Bidang Irigasi mendukung terwujudnya target nasional terkait pekerjaan irigasi dan infrastruktur pengendali banjir. DAK Bidang Irigasi mendukung PN.1 yaitu “Memperkuat Ketahanan Ekonomi untuk Pertumbuhan yang Berkualitas dan Berkeadilan” dan PN.5 “Memperkuat Infrastruktur untuk Mendukung Pembangunan Ekonomi dan Pelayanan Dasar”, dengan total target kegiatan pembangunan/peningkatan jaringan irigasi sebesar 166.500 Ha, kegiatan rehabilitasi jaringan irigasi sebesar 1.358.387 Ha dan kegiatan infrastruktur pengendali banjir sepanjang 124,4 Km.\\r\\n\', `nm_di` = \'D.I. Cigede\', `kab` = \'Brebes\', `prov` = \'Jawa Tengah\', `update_at` = \'2024-12-20 07:20:47\'
WHERE `berita`.`id` IN (\'1\')')
 3 SYSTEMPATH\Database\BaseConnection.php(606): CodeIgniter\Database\BaseConnection->simpleQuery('UPDATE `berita` SET `image` = \'sulut44.jpg\', `name` = \'Hafizh\', `judul` = \'Monitoring dan Evaluasi DAK Irigasi TA.2024 Kab.Brebes\', `tanggal` = \'2024-12-21\', `deskripsi` = \'DAK merupakan alokasi dari Anggaran Pendapatan dan Belanja Negara (APBN) kepada provinsi/kabupaten/kota tertentu dengan tujuan untuk mendanai kegiatan khusus yang merupakan urusan Pemerintahan Daerah dan sesuai dengan prioritas nasional. DAK termasuk Dana Perimbangan di samping Dana Alokasi Umum (DAU). Tujuan DAK sendiri sebagaimana diatur dalam Peraturan Pemerintah Nomor 55 Tahun 2005 tentang Dana Perimbangan, adalah membantu daerah tertentu untuk mendanai kebutuhan sarana dan prasarana pelayanan dasar masyarakat, dan untuk mendorong percepatan pembangunan daerah dan pencapaian sasaran prioritas nasional.\\r\\nPada RPJMN 2020-2024 DAK Bidang Irigasi mendukung terwujudnya target nasional terkait pekerjaan irigasi dan infrastruktur pengendali banjir. DAK Bidang Irigasi mendukung PN.1 yaitu “Memperkuat Ketahanan Ekonomi untuk Pertumbuhan yang Berkualitas dan Berkeadilan” dan PN.5 “Memperkuat Infrastruktur untuk Mendukung Pembangunan Ekonomi dan Pelayanan Dasar”, dengan total target kegiatan pembangunan/peningkatan jaringan irigasi sebesar 166.500 Ha, kegiatan rehabilitasi jaringan irigasi sebesar 1.358.387 Ha dan kegiatan infrastruktur pengendali banjir sepanjang 124,4 Km.\\r\\n\', `nm_di` = \'D.I. Cigede\', `kab` = \'Brebes\', `prov` = \'Jawa Tengah\', `update_at` = \'2024-12-20 07:20:47\'
WHERE `berita`.`id` IN (\'1\')')
 4 SYSTEMPATH\Database\BaseBuilder.php(2476): CodeIgniter\Database\BaseConnection->query('UPDATE `berita` SET `image` = :image:, `name` = :name:, `judul` = :judul:, `tanggal` = :tanggal:, `deskripsi` = :deskripsi:, `nm_di` = :nm_di:, `kab` = :kab:, `prov` = :prov:, `update_at` = :update_at:
WHERE `berita`.`id` IN :berita.id:', [...], false)
 5 SYSTEMPATH\Model.php(400): CodeIgniter\Database\BaseBuilder->update()
 6 SYSTEMPATH\BaseModel.php(943): CodeIgniter\Model->doUpdate([...], [...])
 7 SYSTEMPATH\Model.php(760): CodeIgniter\BaseModel->update([...], [...])
 8 APPPATH\Controllers\Admin.php(1020): CodeIgniter\Model->update('1', [...])
 9 SYSTEMPATH\CodeIgniter.php(932): App\Controllers\Admin->update_berita('1')
10 SYSTEMPATH\CodeIgniter.php(497): CodeIgniter\CodeIgniter->runController(Object(App\Controllers\Admin))
11 SYSTEMPATH\CodeIgniter.php(366): CodeIgniter\CodeIgniter->handleRequest(null, Object(Config\Cache), false)
12 FCPATH\index.php(67): CodeIgniter\CodeIgniter->run()
13 SYSTEMPATH\Commands\Server\rewrite.php(47): require_once('C:\\laragon\\www\\dak\\public\\index.php')
INFO - 2024-12-20 07:21:29 --> Session: Class initialized using 'CodeIgniter\Session\Handlers\FileHandler' driver.
INFO - 2024-12-20 07:21:29 --> Session: Class initialized using 'CodeIgniter\Session\Handlers\FileHandler' driver.
INFO - 2024-12-20 07:21:44 --> Session: Class initialized using 'CodeIgniter\Session\Handlers\FileHandler' driver.
INFO - 2024-12-20 07:22:01 --> Session: Class initialized using 'CodeIgniter\Session\Handlers\FileHandler' driver.
INFO - 2024-12-20 07:22:01 --> Session: Class initialized using 'CodeIgniter\Session\Handlers\FileHandler' driver.
INFO - 2024-12-20 07:22:18 --> Session: Class initialized using 'CodeIgniter\Session\Handlers\FileHandler' driver.
INFO - 2024-12-20 07:22:18 --> Session: Class initialized using 'CodeIgniter\Session\Handlers\FileHandler' driver.
INFO - 2024-12-20 07:23:59 --> Session: Class initialized using 'CodeIgniter\Session\Handlers\FileHandler' driver.
INFO - 2024-12-20 07:24:05 --> Session: Class initialized using 'CodeIgniter\Session\Handlers\FileHandler' driver.
INFO - 2024-12-20 07:24:06 --> Session: Class initialized using 'CodeIgniter\Session\Handlers\FileHandler' driver.
INFO - 2024-12-20 07:26:52 --> Session: Class initialized using 'CodeIgniter\Session\Handlers\FileHandler' driver.
INFO - 2024-12-20 07:27:10 --> Session: Class initialized using 'CodeIgniter\Session\Handlers\FileHandler' driver.
INFO - 2024-12-20 07:27:10 --> Session: Class initialized using 'CodeIgniter\Session\Handlers\FileHandler' driver.
INFO - 2024-12-20 07:27:48 --> Session: Class initialized using 'CodeIgniter\Session\Handlers\FileHandler' driver.
INFO - 2024-12-20 08:10:16 --> Session: Class initialized using 'CodeIgniter\Session\Handlers\FileHandler' driver.
INFO - 2024-12-20 08:10:16 --> Session: Class initialized using 'CodeIgniter\Session\Handlers\FileHandler' driver.
INFO - 2024-12-20 08:10:22 --> Session: Class initialized using 'CodeIgniter\Session\Handlers\FileHandler' driver.
CRITICAL - 2024-12-20 08:10:22 --> Undefined variable: berita
in APPPATH\Views\pages\portal\index.php on line 125.
 1 APPPATH\Views\pages\portal\index.php(125): CodeIgniter\Debug\Exceptions->errorHandler(8, 'Undefined variable: berita', 'C:\\laragon\\www\\dak\\app\\Views\\pages\\portal\\index.php', 125, [...])
 2 SYSTEMPATH\View\View.php(224): include('C:\\laragon\\www\\dak\\app\\Views\\pages\\portal\\index.php')
 3 SYSTEMPATH\View\View.php(227): CodeIgniter\View\View->CodeIgniter\View\{closure}()
 4 SYSTEMPATH\Common.php(1180): CodeIgniter\View\View->render('pages/portal/index', [], true)
 5 APPPATH\Controllers\Home.php(34): view('pages/portal/index', [...])
 6 SYSTEMPATH\CodeIgniter.php(932): App\Controllers\Home->index()
 7 SYSTEMPATH\CodeIgniter.php(497): CodeIgniter\CodeIgniter->runController(Object(App\Controllers\Home))
 8 SYSTEMPATH\CodeIgniter.php(366): CodeIgniter\CodeIgniter->handleRequest(null, Object(Config\Cache), false)
 9 FCPATH\index.php(67): CodeIgniter\CodeIgniter->run()
10 SYSTEMPATH\Commands\Server\rewrite.php(47): require_once('C:\\laragon\\www\\dak\\public\\index.php')
INFO - 2024-12-20 08:11:57 --> Session: Class initialized using 'CodeIgniter\Session\Handlers\FileHandler' driver.
CRITICAL - 2024-12-20 08:11:57 --> Undefined variable: berita
in APPPATH\Views\pages\portal\index.php on line 126.
 1 APPPATH\Views\pages\portal\index.php(126): CodeIgniter\Debug\Exceptions->errorHandler(8, 'Undefined variable: berita', 'C:\\laragon\\www\\dak\\app\\Views\\pages\\portal\\index.php', 126, [...])
 2 SYSTEMPATH\View\View.php(224): include('C:\\laragon\\www\\dak\\app\\Views\\pages\\portal\\index.php')
 3 SYSTEMPATH\View\View.php(227): CodeIgniter\View\View->CodeIgniter\View\{closure}()
 4 SYSTEMPATH\Common.php(1180): CodeIgniter\View\View->render('pages/portal/index', [], true)
 5 APPPATH\Controllers\Home.php(34): view('pages/portal/index', [...])
 6 SYSTEMPATH\CodeIgniter.php(932): App\Controllers\Home->index()
 7 SYSTEMPATH\CodeIgniter.php(497): CodeIgniter\CodeIgniter->runController(Object(App\Controllers\Home))
 8 SYSTEMPATH\CodeIgniter.php(366): CodeIgniter\CodeIgniter->handleRequest(null, Object(Config\Cache), false)
 9 FCPATH\index.php(67): CodeIgniter\CodeIgniter->run()
10 SYSTEMPATH\Commands\Server\rewrite.php(47): require_once('C:\\laragon\\www\\dak\\public\\index.php')
INFO - 2024-12-20 08:12:01 --> Session: Class initialized using 'CodeIgniter\Session\Handlers\FileHandler' driver.
CRITICAL - 2024-12-20 08:12:01 --> Undefined variable: berita
in APPPATH\Views\pages\portal\index.php on line 126.
 1 APPPATH\Views\pages\portal\index.php(126): CodeIgniter\Debug\Exceptions->errorHandler(8, 'Undefined variable: berita', 'C:\\laragon\\www\\dak\\app\\Views\\pages\\portal\\index.php', 126, [...])
 2 SYSTEMPATH\View\View.php(224): include('C:\\laragon\\www\\dak\\app\\Views\\pages\\portal\\index.php')
 3 SYSTEMPATH\View\View.php(227): CodeIgniter\View\View->CodeIgniter\View\{closure}()
 4 SYSTEMPATH\Common.php(1180): CodeIgniter\View\View->render('pages/portal/index', [], true)
 5 APPPATH\Controllers\Home.php(34): view('pages/portal/index', [...])
 6 SYSTEMPATH\CodeIgniter.php(932): App\Controllers\Home->index()
 7 SYSTEMPATH\CodeIgniter.php(497): CodeIgniter\CodeIgniter->runController(Object(App\Controllers\Home))
 8 SYSTEMPATH\CodeIgniter.php(366): CodeIgniter\CodeIgniter->handleRequest(null, Object(Config\Cache), false)
 9 FCPATH\index.php(67): CodeIgniter\CodeIgniter->run()
10 SYSTEMPATH\Commands\Server\rewrite.php(47): require_once('C:\\laragon\\www\\dak\\public\\index.php')
INFO - 2024-12-20 08:13:03 --> Session: Class initialized using 'CodeIgniter\Session\Handlers\FileHandler' driver.
INFO - 2024-12-20 08:27:22 --> Session: Class initialized using 'CodeIgniter\Session\Handlers\FileHandler' driver.
INFO - 2024-12-20 08:28:59 --> Session: Class initialized using 'CodeIgniter\Session\Handlers\FileHandler' driver.
INFO - 2024-12-20 08:31:13 --> Session: Class initialized using 'CodeIgniter\Session\Handlers\FileHandler' driver.
CRITICAL - 2024-12-20 08:31:13 --> Undefined index: Judul
in APPPATH\Views\pages\portal\index.php on line 154.
 1 APPPATH\Views\pages\portal\index.php(154): CodeIgniter\Debug\Exceptions->errorHandler(8, 'Undefined index: Judul', 'C:\\laragon\\www\\dak\\app\\Views\\pages\\portal\\index.php', 154, [...])
 2 SYSTEMPATH\View\View.php(224): include('C:\\laragon\\www\\dak\\app\\Views\\pages\\portal\\index.php')
 3 SYSTEMPATH\View\View.php(227): CodeIgniter\View\View->CodeIgniter\View\{closure}()
 4 SYSTEMPATH\Common.php(1180): CodeIgniter\View\View->render('pages/portal/index', [], true)
 5 APPPATH\Controllers\Home.php(34): view('pages/portal/index', [...])
 6 SYSTEMPATH\CodeIgniter.php(932): App\Controllers\Home->index()
 7 SYSTEMPATH\CodeIgniter.php(497): CodeIgniter\CodeIgniter->runController(Object(App\Controllers\Home))
 8 SYSTEMPATH\CodeIgniter.php(366): CodeIgniter\CodeIgniter->handleRequest(null, Object(Config\Cache), false)
 9 FCPATH\index.php(67): CodeIgniter\CodeIgniter->run()
10 SYSTEMPATH\Commands\Server\rewrite.php(47): require_once('C:\\laragon\\www\\dak\\public\\index.php')
INFO - 2024-12-20 08:32:25 --> Session: Class initialized using 'CodeIgniter\Session\Handlers\FileHandler' driver.
INFO - 2024-12-20 08:32:46 --> Session: Class initialized using 'CodeIgniter\Session\Handlers\FileHandler' driver.
INFO - 2024-12-20 08:33:45 --> Session: Class initialized using 'CodeIgniter\Session\Handlers\FileHandler' driver.
INFO - 2024-12-20 08:34:47 --> Session: Class initialized using 'CodeIgniter\Session\Handlers\FileHandler' driver.
INFO - 2024-12-20 08:35:08 --> Session: Class initialized using 'CodeIgniter\Session\Handlers\FileHandler' driver.
INFO - 2024-12-20 08:37:08 --> Session: Class initialized using 'CodeIgniter\Session\Handlers\FileHandler' driver.
INFO - 2024-12-20 08:38:43 --> Session: Class initialized using 'CodeIgniter\Session\Handlers\FileHandler' driver.
INFO - 2024-12-20 08:38:52 --> Session: Class initialized using 'CodeIgniter\Session\Handlers\FileHandler' driver.
INFO - 2024-12-20 08:41:38 --> Session: Class initialized using 'CodeIgniter\Session\Handlers\FileHandler' driver.
INFO - 2024-12-20 08:41:44 --> Session: Class initialized using 'CodeIgniter\Session\Handlers\FileHandler' driver.
INFO - 2024-12-20 08:49:08 --> Session: Class initialized using 'CodeIgniter\Session\Handlers\FileHandler' driver.
INFO - 2024-12-20 09:07:46 --> Session: Class initialized using 'CodeIgniter\Session\Handlers\FileHandler' driver.
INFO - 2024-12-20 09:11:47 --> Session: Class initialized using 'CodeIgniter\Session\Handlers\FileHandler' driver.
CRITICAL - 2024-12-20 09:11:47 --> Undefined property: CodeIgniter\View\View::$db
in APPPATH\Views\pages\portal\index.php on line 129.
 1 APPPATH\Views\pages\portal\index.php(129): CodeIgniter\Debug\Exceptions->errorHandler(8, 'Undefined property: CodeIgniter\\View\\View::$db', 'C:\\laragon\\www\\dak\\app\\Views\\pages\\portal\\index.php', 129, [...])
 2 SYSTEMPATH\View\View.php(224): include('C:\\laragon\\www\\dak\\app\\Views\\pages\\portal\\index.php')
 3 SYSTEMPATH\View\View.php(227): CodeIgniter\View\View->CodeIgniter\View\{closure}()
 4 SYSTEMPATH\Common.php(1180): CodeIgniter\View\View->render('pages/portal/index', [], true)
 5 APPPATH\Controllers\Home.php(34): view('pages/portal/index', [...])
 6 SYSTEMPATH\CodeIgniter.php(932): App\Controllers\Home->index()
 7 SYSTEMPATH\CodeIgniter.php(497): CodeIgniter\CodeIgniter->runController(Object(App\Controllers\Home))
 8 SYSTEMPATH\CodeIgniter.php(366): CodeIgniter\CodeIgniter->handleRequest(null, Object(Config\Cache), false)
 9 FCPATH\index.php(67): CodeIgniter\CodeIgniter->run()
10 SYSTEMPATH\Commands\Server\rewrite.php(47): require_once('C:\\laragon\\www\\dak\\public\\index.php')
INFO - 2024-12-20 09:12:11 --> Session: Class initialized using 'CodeIgniter\Session\Handlers\FileHandler' driver.
INFO - 2024-12-20 09:12:16 --> Session: Class initialized using 'CodeIgniter\Session\Handlers\FileHandler' driver.
INFO - 2024-12-20 09:12:35 --> Session: Class initialized using 'CodeIgniter\Session\Handlers\FileHandler' driver.
